<?xml version="1.0" encoding="UTF-8"?>
<!-- Generated by org.testng.reporters.JUnitXMLReporter -->
<testsuite ignored="0" hostname="DESKTOP-LGKD9GQ" failures="0" tests="11" name="Test" time="13.042" errors="0" timestamp="2022-11-30T21:28:31 IST">
  <testcase classname="com.testng.Zoho_TestNG5ParameterBase_CO_WDM" name="beforeSuite_execution" time="2.983"/>
  <testcase classname="com.testng.Zoho_TestNG5ParameterBase_CO_WDM" name="browserLaunch" time="3.888"/>
  <testcase classname="com.testng.Zoho_TestNG5ParameterBase_CO_WDM" name="login_page" time="1.772"/>
  <testcase classname="com.testng.Zoho_TestNG5ParameterBase_CO_WDM" name="go_to_zoho_homepage_sendEmail" time="0.183"/>
  <testcase classname="com.testng.Zoho_TestNG5ParameterBase_CO_WDM" name="go_to_zoho_homepage_sendPassword" time="0.153"/>
  <testcase classname="com.testng.Zoho_TestNG5ParameterBase_CO_WDM" name="go_to_zoho_homepage_sendMobileNo" time="0.099"/>
  <testcase classname="com.testng.Zoho_TestNG5ParameterBase_CO_WDM" name="go_to_zoho_homepage_sendTandC" time="0.032"/>
  <testcase classname="com.testng.Zoho_TestNG5ParameterBase_CO_WDM" name="go_to_zoho_homepage_sendSignUp" time="0.075"/>
  <testcase classname="com.testng.Zoho_TestNG5ParameterBase_CO_WDM" name="click_submit_takescreenshot" time="3.343"/>
  <testcase classname="com.testng.Zoho_TestNG5ParameterBase_CO_WDM" name="afterTest_Execution" time="0.092"/>
  <testcase classname="com.testng.Zoho_TestNG5ParameterBase_CO_WDM" name="endSession" time="0.323"/>
</testsuite> <!-- Test -->
